<?xml version="1.0" encoding="UTF-8"?>
<!-- Generated by org.testng.reporters.JUnitReportReporter -->
<testsuite hostname="MacBook-Pro.local" failures="0" tests="2" name="MyTests.SearchTest" time="14.077" errors="0" timestamp="2024-01-17T20:54:27 PST" skipped="0">
  <testcase classname="MyTests.SearchTest" name="searchTestRedirection" time="7.655"/>
  <testcase classname="MyTests.SearchTest" name="searchTestPAgetitle" time="6.422"/>
</testsuite> <!-- MyTests.SearchTest -->
