<?xml version="1.0" encoding="UTF-8"?>
<!-- Generated by org.testng.reporters.JUnitReportReporter -->
<testsuite hostname="MacBook-Pro.local" failures="0" tests="2" name="MyTests.WikiPage" time="22.464" errors="0" timestamp="2024-01-17T20:54:27 PST" skipped="0">
  <testcase classname="MyTests.WikiPage" name="wikiTestPageTitle" time="9.713"/>
  <testcase classname="MyTests.WikiPage" name="wikiLogoTest" time="12.751"/>
</testsuite> <!-- MyTests.WikiPage -->
